<?xml version="1.0" encoding="UTF-8"?>
<!-- Generated by org.testng.reporters.JUnitXMLReporter -->
<testsuite ignored="0" hostname="Toxic" failures="0" tests="4" name="Test" time="95.029" errors="0" timestamp="2025-04-13T04:38:05 IST">
  <testcase classname="com.qa.satyam.herokuappAlert1" name="javascriptAlertTest" time="20.2"/>
  <testcase classname="com.qa.satyam.herokuappLogin" name="loginTest" time="28.073"/>
  <testcase classname="com.qa.satyam.herokuappAlert" name="javascriptAlertTest" time="11.831"/>
  <testcase classname="com.qa.satyam.herokuappLogin1" name="loginTest" time="27.412"/>
</testsuite> <!-- Test -->
