<?xml version="1.0" encoding="UTF-8"?>
<testng-results ignored="0" total="4" passed="4" failed="0" skipped="0">
  <reporter-output>
  </reporter-output>
  <suite started-at="2025-04-13T04:36:30 IST" name="Suite" finished-at="2025-04-13T04:38:05 IST" duration-ms="95029">
    <groups>
    </groups>
    <test started-at="2025-04-13T04:36:30 IST" name="Test" finished-at="2025-04-13T04:38:05 IST" duration-ms="95029">
      <class name="com.qa.satyam.herokuappLogin1">
        <test-method is-config="true" signature="setup(java.lang.String,java.lang.String,java.lang.String)[pri:0, instance:com.qa.satyam.herokuappLogin1@15bb5034]" started-at="2025-04-13T04:36:30 IST" name="setup" finished-at="2025-04-13T04:37:35 IST" duration-ms="65443" status="PASS">
          <params>
            <param index="0">
              <value>
                <![CDATA[Firefox]]>
              </value>
            </param>
            <param index="1">
              <value>
                <![CDATA[dev]]>
              </value>
            </param>
            <param index="2">
              <value>
                <![CDATA[Windows 10]]>
              </value>
            </param>
          </params>
          <reporter-output>
          </reporter-output>
        </test-method> <!-- setup -->
        <test-method signature="loginTest()[pri:0, instance:com.qa.satyam.herokuappLogin1@15bb5034]" started-at="2025-04-13T04:37:35 IST" name="loginTest" finished-at="2025-04-13T04:38:02 IST" duration-ms="27412" status="PASS">
          <reporter-output>
          </reporter-output>
        </test-method> <!-- loginTest -->
        <test-method is-config="true" signature="tearDown()[pri:0, instance:com.qa.satyam.herokuappLogin1@15bb5034]" started-at="2025-04-13T04:38:02 IST" name="tearDown" finished-at="2025-04-13T04:38:05 IST" duration-ms="2129" status="PASS">
          <reporter-output>
          </reporter-output>
        </test-method> <!-- tearDown -->
      </class> <!-- com.qa.satyam.herokuappLogin1 -->
      <class name="com.qa.satyam.herokuappAlert1">
        <test-method is-config="true" signature="setup(java.lang.String,java.lang.String,java.lang.String)[pri:0, instance:com.qa.satyam.herokuappAlert1@2eae8e6e]" started-at="2025-04-13T04:36:30 IST" name="setup" finished-at="2025-04-13T04:36:54 IST" duration-ms="24458" status="PASS">
          <params>
            <param index="0">
              <value>
                <![CDATA[Edge]]>
              </value>
            </param>
            <param index="1">
              <value>
                <![CDATA[latest]]>
              </value>
            </param>
            <param index="2">
              <value>
                <![CDATA[Windows 10]]>
              </value>
            </param>
          </params>
          <reporter-output>
          </reporter-output>
        </test-method> <!-- setup -->
        <test-method signature="javascriptAlertTest()[pri:0, instance:com.qa.satyam.herokuappAlert1@2eae8e6e]" started-at="2025-04-13T04:36:54 IST" name="javascriptAlertTest" finished-at="2025-04-13T04:37:14 IST" duration-ms="20200" status="PASS">
          <reporter-output>
          </reporter-output>
        </test-method> <!-- javascriptAlertTest -->
        <test-method is-config="true" signature="tearDown()[pri:0, instance:com.qa.satyam.herokuappAlert1@2eae8e6e]" started-at="2025-04-13T04:37:14 IST" name="tearDown" finished-at="2025-04-13T04:37:16 IST" duration-ms="1413" status="PASS">
          <reporter-output>
          </reporter-output>
        </test-method> <!-- tearDown -->
      </class> <!-- com.qa.satyam.herokuappAlert1 -->
      <class name="com.qa.satyam.herokuappLogin">
        <test-method is-config="true" signature="setup(java.lang.String,java.lang.String,java.lang.String)[pri:0, instance:com.qa.satyam.herokuappLogin@76a4ebf2]" started-at="2025-04-13T04:36:30 IST" name="setup" finished-at="2025-04-13T04:36:53 IST" duration-ms="23634" status="PASS">
          <params>
            <param index="0">
              <value>
                <![CDATA[Edge]]>
              </value>
            </param>
            <param index="1">
              <value>
                <![CDATA[dev]]>
              </value>
            </param>
            <param index="2">
              <value>
                <![CDATA[Windows 10]]>
              </value>
            </param>
          </params>
          <reporter-output>
          </reporter-output>
        </test-method> <!-- setup -->
        <test-method signature="loginTest()[pri:0, instance:com.qa.satyam.herokuappLogin@76a4ebf2]" started-at="2025-04-13T04:36:53 IST" name="loginTest" finished-at="2025-04-13T04:37:21 IST" duration-ms="28073" status="PASS">
          <reporter-output>
          </reporter-output>
        </test-method> <!-- loginTest -->
        <test-method is-config="true" signature="tearDown()[pri:0, instance:com.qa.satyam.herokuappLogin@76a4ebf2]" started-at="2025-04-13T04:37:21 IST" name="tearDown" finished-at="2025-04-13T04:37:23 IST" duration-ms="1950" status="PASS">
          <reporter-output>
          </reporter-output>
        </test-method> <!-- tearDown -->
      </class> <!-- com.qa.satyam.herokuappLogin -->
      <class name="com.qa.satyam.herokuappAlert">
        <test-method is-config="true" signature="setup(java.lang.String,java.lang.String,java.lang.String)[pri:0, instance:com.qa.satyam.herokuappAlert@4b741d6d]" started-at="2025-04-13T04:36:30 IST" name="setup" finished-at="2025-04-13T04:37:32 IST" duration-ms="62622" status="PASS">
          <params>
            <param index="0">
              <value>
                <![CDATA[Chrome]]>
              </value>
            </param>
            <param index="1">
              <value>
                <![CDATA[latest]]>
              </value>
            </param>
            <param index="2">
              <value>
                <![CDATA[Windows 10]]>
              </value>
            </param>
          </params>
          <reporter-output>
          </reporter-output>
        </test-method> <!-- setup -->
        <test-method signature="javascriptAlertTest()[pri:0, instance:com.qa.satyam.herokuappAlert@4b741d6d]" started-at="2025-04-13T04:37:32 IST" name="javascriptAlertTest" finished-at="2025-04-13T04:37:44 IST" duration-ms="11831" status="PASS">
          <reporter-output>
          </reporter-output>
        </test-method> <!-- javascriptAlertTest -->
        <test-method is-config="true" signature="tearDown()[pri:0, instance:com.qa.satyam.herokuappAlert@4b741d6d]" started-at="2025-04-13T04:37:44 IST" name="tearDown" finished-at="2025-04-13T04:37:45 IST" duration-ms="1378" status="PASS">
          <reporter-output>
          </reporter-output>
        </test-method> <!-- tearDown -->
      </class> <!-- com.qa.satyam.herokuappAlert -->
    </test> <!-- Test -->
  </suite> <!-- Suite -->
</testng-results>
